<?xml version="1.0" encoding="UTF-8"?>
<!-- Generated by org.testng.reporters.JUnitReportReporter -->
<testsuite skipped="0" hostname="LP-PC0MQFYK" name="SeleniumGrid.Grid_Demo" tests="1" failures="0" timestamp="28 Feb 2018 14:36:37 GMT" time="17.004" errors="0">
  <testcase name="Grid" time="17.004" classname="SeleniumGrid.Grid_Demo"/>
</testsuite> <!-- SeleniumGrid.Grid_Demo -->
